[10:32:28] [ERROR] CConnection::CConnection - establishing connection to MySQL database failed: #1045 'Access denied for user 'server_786'@'localhost' (using password: YES)'
[10:32:28] [ERROR] CConnection::CConnection - establishing connection to MySQL database failed: #1045 'Access denied for user 'server_786'@'localhost' (using password: YES)'
[10:32:28] [ERROR] CConnection::CConnection - establishing connection to MySQL database failed: #1045 'Access denied for user 'server_786'@'localhost' (using password: YES)'
[10:32:28] [ERROR] CConnection::CConnection - establishing connection to MySQL database failed: #1045 'Access denied for user 'server_786'@'localhost' (using password: YES)'
[10:35:15] [WARNING] mysql_connect: no password specified
[10:41:06] [ERROR] error #1065 while executing query "": Query was empty
[11:12:59] [WARNING] mysql_connect: no password specified
[11:23:19] [WARNING] mysql_connect: no password specified
[11:36:49] [WARNING] mysql_connect: no password specified
[11:38:13] [WARNING] mysql_connect: no password specified
[12:05:52] [WARNING] mysql_connect: no password specified
[12:08:37] [WARNING] mysql_connect: no password specified
[12:09:34] [WARNING] mysql_connect: no password specified
[12:10:38] [WARNING] mysql_connect: no password specified
[12:11:34] [WARNING] mysql_connect: no password specified
[12:13:04] [WARNING] mysql_connect: no password specified
[12:13:52] [WARNING] mysql_connect: no password specified
[12:18:28] [WARNING] mysql_connect: no password specified
[12:21:55] [WARNING] mysql_connect: no password specified
[12:25:50] [WARNING] mysql_connect: no password specified
[14:20:44] [WARNING] mysql_connect: no password specified
[18:08:57] [WARNING] mysql_connect: no password specified
[23:43:52] [WARNING] mysql_connect: no password specified
[23:48:55] [WARNING] mysql_connect: no password specified
[23:52:53] [WARNING] mysql_connect: no password specified
[23:54:00] [WARNING] mysql_connect: no password specified
[00:10:00] [WARNING] mysql_connect: no password specified
[00:15:06] [WARNING] mysql_connect: no password specified
[00:19:40] [WARNING] mysql_connect: no password specified
[00:22:55] [WARNING] mysql_connect: no password specified
[15:29:02] [ERROR] CConnection::CConnection - establishing connection to MySQL database failed: #1045 'Access denied for user 'server_786'@'localhost' (using password: YES)'
[15:29:02] [ERROR] CConnection::CConnection - establishing connection to MySQL database failed: #1045 'Access denied for user 'server_786'@'localhost' (using password: YES)'
[15:29:02] [ERROR] CConnection::CConnection - establishing connection to MySQL database failed: #1045 'Access denied for user 'server_786'@'localhost' (using password: YES)'
[15:29:02] [ERROR] CConnection::CConnection - establishing connection to MySQL database failed: #1045 'Access denied for user 'server_786'@'localhost' (using password: YES)'
[15:29:30] [WARNING] mysql_connect: no password specified
[15:32:11] [WARNING] mysql_connect: no password specified
[15:36:21] [WARNING] mysql_connect: no password specified
[15:37:03] [WARNING] mysql_connect: no password specified
[15:48:34] [WARNING] mysql_connect: no password specified
[15:52:14] [WARNING] mysql_connect: no password specified
[15:53:28] [WARNING] mysql_connect: no password specified
[18:24:35] [WARNING] mysql_connect: no password specified
[19:33:14] [WARNING] mysql_connect: no password specified
[19:35:48] [WARNING] mysql_connect: no password specified
[19:38:01] [WARNING] mysql_connect: no password specified
[19:39:52] [WARNING] mysql_connect: no password specified
[19:42:37] [WARNING] mysql_connect: no password specified
[19:43:22] [WARNING] mysql_connect: no password specified
[19:45:10] [WARNING] mysql_connect: no password specified
[19:48:21] [WARNING] mysql_connect: no password specified
[21:52:28] [WARNING] mysql_connect: no password specified
[21:55:57] [WARNING] mysql_connect: no password specified
[21:56:37] [WARNING] mysql_connect: no password specified
[21:57:16] [WARNING] mysql_connect: no password specified
[13:25:19] [WARNING] mysql_connect: no password specified
[13:31:16] [WARNING] mysql_connect: no password specified
[13:32:38] [WARNING] mysql_connect: no password specified
[13:34:40] [WARNING] mysql_connect: no password specified
[13:35:18] [ERROR] cache_get_value_name_int: invalid row index '0' (number of rows: '0')
[13:35:18] [ERROR] cache_get_value_name: invalid row index '0' (number of rows: '0')
[13:35:18] [ERROR] cache_get_value_name: invalid row index '0' (number of rows: '0')
[13:35:18] [ERROR] cache_get_value_name: invalid row index '0' (number of rows: '0')
[13:35:18] [ERROR] cache_get_value_name: invalid row index '0' (number of rows: '0')
[13:35:18] [ERROR] cache_get_value_name_int: invalid row index '0' (number of rows: '0')
[13:35:18] [ERROR] cache_get_value_name_float: invalid row index '0' (number of rows: '0')
[13:35:18] [ERROR] cache_get_value_name_float: invalid row index '0' (number of rows: '0')
[13:35:18] [ERROR] cache_get_value_name_float: invalid row index '0' (number of rows: '0')
[13:35:18] [ERROR] cache_get_value_name_float: invalid row index '0' (number of rows: '0')
[13:38:29] [WARNING] mysql_connect: no password specified
[13:38:36] [ERROR] error #1054 while executing query "SELECT `*` FROM `Contas` WHERE `Code`='DFWURL6TL'": Unknown column '*' in 'field list'
[13:38:36] [ERROR] cache_get_row_count: no active cache
[13:38:40] [ERROR] error #1054 while executing query "SELECT `*` FROM `Contas` WHERE `Code`='DFWURL6TL'": Unknown column '*' in 'field list'
[13:38:40] [ERROR] cache_get_row_count: no active cache
[13:38:42] [ERROR] error #1054 while executing query "SELECT `*` FROM `Contas` WHERE `Code`='DFWURL6TL'": Unknown column '*' in 'field list'
[13:38:42] [ERROR] cache_get_row_count: no active cache
[13:38:53] [ERROR] error #1054 while executing query "SELECT `*` FROM `Contas` WHERE `Code`='DFWURL6TL'": Unknown column '*' in 'field list'
[13:38:53] [ERROR] cache_get_row_count: no active cache
[13:38:55] [ERROR] error #1054 while executing query "SELECT `*` FROM `Contas` WHERE `Code`='asdasda'": Unknown column '*' in 'field list'
[13:38:55] [ERROR] cache_get_row_count: no active cache
[13:39:28] [WARNING] mysql_connect: no password specified
[13:39:41] [ERROR] cache_get_value_name_int: invalid row index '0' (number of rows: '0')
[13:39:41] [ERROR] cache_get_value_name: invalid row index '0' (number of rows: '0')
[13:39:41] [ERROR] cache_get_value_name: invalid row index '0' (number of rows: '0')
[13:39:41] [ERROR] cache_get_value_name: invalid row index '0' (number of rows: '0')
[13:39:41] [ERROR] cache_get_value_name: invalid row index '0' (number of rows: '0')
[13:39:41] [ERROR] cache_get_value_name_int: invalid row index '0' (number of rows: '0')
[13:39:41] [ERROR] cache_get_value_name_float: invalid row index '0' (number of rows: '0')
[13:39:41] [ERROR] cache_get_value_name_float: invalid row index '0' (number of rows: '0')
[13:39:41] [ERROR] cache_get_value_name_float: invalid row index '0' (number of rows: '0')
[13:39:41] [ERROR] cache_get_value_name_float: invalid row index '0' (number of rows: '0')
[13:42:34] [WARNING] mysql_connect: no password specified
[18:28:29] [WARNING] mysql_connect: no password specified
[18:29:55] [WARNING] mysql_connect: no password specified
[18:32:48] [WARNING] mysql_connect: no password specified
[18:34:26] [WARNING] mysql_connect: no password specified
[18:35:34] [WARNING] mysql_connect: no password specified
[18:36:41] [WARNING] mysql_connect: no password specified
[18:39:19] [WARNING] mysql_connect: no password specified
[18:41:12] [WARNING] mysql_connect: no password specified
[18:44:06] [WARNING] mysql_connect: no password specified
[18:45:33] [WARNING] mysql_connect: no password specified
[18:48:06] [WARNING] mysql_connect: no password specified
[18:49:48] [WARNING] mysql_connect: no password specified
[18:58:32] [WARNING] mysql_connect: no password specified
[18:59:48] [WARNING] mysql_connect: no password specified
[19:13:48] [WARNING] mysql_connect: no password specified
[21:45:35] [WARNING] mysql_connect: no password specified
[22:19:11] [WARNING] mysql_connect: no password specified
[22:22:28] [WARNING] mysql_connect: no password specified
[22:25:08] [WARNING] mysql_connect: no password specified
[22:26:18] [WARNING] mysql_connect: no password specified
[23:14:19] [WARNING] mysql_connect: no password specified
[23:33:26] [WARNING] mysql_connect: no password specified
[23:36:40] [WARNING] mysql_connect: no password specified
[23:42:05] [WARNING] mysql_connect: no password specified
[23:51:43] [WARNING] mysql_connect: no password specified
